Using pre-set license
Built from '2020.2/release' branch; Version is '2020.2.1f1 (270dd8c3da1c) revision 2559448'; Using compiler version '192528614'; Build Type 'Release'
OS: 'Windows 10  (10.0.0) 64bit' Language: 'en' Physical Memory: 8189 MB
BatchMode: 1, IsHumanControllingUs: 0, StartBugReporterOnCrash: 0, Is64bit: 1, IsPro: 0

 COMMAND LINE ARGUMENTS:
C:\Program Files\Unity\Editor\Unity.exe
-adb2
-batchMode
-noUpm
-name
AssetImportWorker0
-projectPath
D:/Unity Projects/Trump-AR/Trump-AR-App
-logFile
Logs/AssetImportWorker0.log
-srvPort
51716
Successfully changed project path to: D:/Unity Projects/Trump-AR/Trump-AR-App
D:/Unity Projects/Trump-AR/Trump-AR-App
Using Asset Import Pipeline V2.
Refreshing native plugins compatible for Editor in 149.37 ms, found 0 plugins.
Preloading 0 native plugins for Editor in 0.00 ms.
Initialize engine version: 2020.2.1f1 (270dd8c3da1c)
[Subsystems] Discovering subsystems at path C:/Program Files/Unity/Editor/Data/Resources/UnitySubsystems
[Subsystems] Discovering subsystems at path D:/Unity Projects/Trump-AR/Trump-AR-App/Assets
GfxDevice: creating device client; threaded=0
Direct3D:
    Version:  Direct3D 11.0 [level 11.1]
    Renderer: Radeon RX 560 Series (ID=0x67ef)
    Vendor:   
    VRAM:     4075 MB
    Driver:   27.20.1034.6
Initialize mono
Mono path[0] = 'C:/Program Files/Unity/Editor/Data/Managed'
Mono path[1] = 'C:/Program Files/Unity/Editor/Data/MonoBleedingEdge/lib/mono/unityjit'
Mono config path = 'C:/Program Files/Unity/Editor/Data/MonoBleedingEdge/etc'
Using monoOptions --debugger-agent=transport=dt_socket,embedding=1,server=y,suspend=n,address=127.0.0.1:56792
Begin MonoManager ReloadAssembly
Registering precompiled unity dll's ...
Register platform support module: C:/Program Files/Unity/Editor/Data/PlaybackEngines/WindowsStandaloneSupport/UnityEditor.WindowsStandalone.Extensions.dll
Registered in 0.003568 seconds.
Native extension for WindowsStandalone target not found
Refreshing native plugins compatible for Editor in 39.67 ms, found 0 plugins.
Preloading 0 native plugins for Editor in 0.00 ms.
Invoked RoslynAnalysisRunner static constructor.
RoslynAnalysisRunner will not be running.
RoslynAnalysisRunner has terminated.
Mono: successfully reloaded assembly
- Completed reload, in  1.717 seconds
Platform modules already initialized, skipping
Registering precompiled user dll's ...
Registered in 0.000815 seconds.
Begin MonoManager ReloadAssembly
Native extension for WindowsStandalone target not found
Refreshing native plugins compatible for Editor in 0.33 ms, found 0 plugins.
Preloading 0 native plugins for Editor in 0.00 ms.
Invoked RoslynAnalysisRunner static constructor.
RoslynAnalysisRunner will not be running.
RoslynAnalysisRunner has terminated.
Mono: successfully reloaded assembly
- Completed reload, in  1.375 seconds
Platform modules already initialized, skipping
========================================================================
Worker process is ready to serve import requests
Launched and connected shader compiler UnityShaderCompiler.exe after 0.07 seconds
Refreshing native plugins compatible for Editor in 0.32 ms, found 0 plugins.
Preloading 0 native plugins for Editor in 0.00 ms.
Unloading 1094 Unused Serialized files (Serialized files now loaded: 0)
System memory in use before: 56.2 MB.
System memory in use after: 56.3 MB.

Unloading 9 unused Assets to reduce memory usage. Loaded Objects now: 1536.
Total: 3.347200 ms (FindLiveObjects: 0.152500 ms CreateObjectMapping: 0.062500 ms MarkObjects: 3.067300 ms  DeleteObjects: 0.063600 ms)

========================================================================
Received Import Request.
  path: Assets/dollarimage.jpg
  artifactKey: Guid(c4dcfc1b5cde02a4da939d752de88617) Importer(815301076,1909f56bfc062723c751e8b465ee728b)
Start importing Assets/dollarimage.jpg using Guid(c4dcfc1b5cde02a4da939d752de88617) Importer(815301076,1909f56bfc062723c751e8b465ee728b)  -> (artifact id: '48967038d0c9e4f9681bf221168710ee') in 0.183783 seconds
  Import took 0.186491 seconds .

========================================================================
Received Import Request.
  Time since last request: 0.000528 seconds.
  path: Assets/whitehousecolor.mat
  artifactKey: Guid(7ea3cb9d310ccac41ad7f477fec762ce) Importer(815301076,1909f56bfc062723c751e8b465ee728b)
Start importing Assets/whitehousecolor.mat using Guid(7ea3cb9d310ccac41ad7f477fec762ce) Importer(815301076,1909f56bfc062723c751e8b465ee728b)  -> (artifact id: '260da5495f1e60420974c8a58d1a399c') in 1.083893 seconds
  Import took 1.086423 seconds .

========================================================================
Received Import Request.
  Time since last request: 0.000327 seconds.
  path: Assets/trump_lp_Model_fbx2014.FBX
  artifactKey: Guid(c9beb802dde24df40bdd4fc8833ab533) Importer(815301076,1909f56bfc062723c751e8b465ee728b)
Start importing Assets/trump_lp_Model_fbx2014.FBX using Guid(c9beb802dde24df40bdd4fc8833ab533) Importer(815301076,1909f56bfc062723c751e8b465ee728b)  -> (artifact id: '0bf314510414144bf1c623d09f38fe4d') in 0.224332 seconds
  Import took 0.226971 seconds .

========================================================================
Received Import Request.
  Time since last request: 0.000274 seconds.
  path: Assets/tumpLPcolors.png
  artifactKey: Guid(c4c4de5e32df1744aa4307eb3cc52a37) Importer(815301076,1909f56bfc062723c751e8b465ee728b)
Start importing Assets/tumpLPcolors.png using Guid(c4c4de5e32df1744aa4307eb3cc52a37) Importer(815301076,1909f56bfc062723c751e8b465ee728b)  -> (artifact id: '36c6f5d8a3b5c59c44d4afa59b342196') in 0.010639 seconds
  Import took 0.013409 seconds .

========================================================================
Received Import Request.
  Time since last request: 7.254887 seconds.
  path: Assets/Scripts
  artifactKey: Guid(d597700d49b38544fa70a8886948e7df) Importer(815301076,1909f56bfc062723c751e8b465ee728b)
Start importing Assets/Scripts using Guid(d597700d49b38544fa70a8886948e7df) Importer(815301076,1909f56bfc062723c751e8b465ee728b)  -> (artifact id: '23a42c6c10765823938e8144c4d0bd00') in 0.002432 seconds
  Import took 0.005183 seconds .

========================================================================
Received Import Request.
  Time since last request: 0.017811 seconds.
  path: Assets/Scripts
  artifactKey: Guid(d597700d49b38544fa70a8886948e7df) Importer(815301076,1909f56bfc062723c751e8b465ee728b)
Start importing Assets/Scripts using Guid(d597700d49b38544fa70a8886948e7df) Importer(815301076,1909f56bfc062723c751e8b465ee728b)  -> (artifact id: '23a42c6c10765823938e8144c4d0bd00') in 0.002179 seconds
  Import took 0.004710 seconds .

========================================================================
Received Import Request.
  Time since last request: 36.797769 seconds.
  path: Assets/Scripts/Gameplay.cs
  artifactKey: Guid(c7fad027f573db547a9dbd52ddf2f2ce) Importer(815301076,1909f56bfc062723c751e8b465ee728b)
Start importing Assets/Scripts/Gameplay.cs using Guid(c7fad027f573db547a9dbd52ddf2f2ce) Importer(815301076,1909f56bfc062723c751e8b465ee728b)  -> (artifact id: 'dd0dc990c1c5f262730695b33a89ec03') in 0.016251 seconds
  Import took 0.019175 seconds .

========================================================================
Received Import Request.
  Time since last request: 0.001520 seconds.
  path: Assets/Scripts/Gameplay.cs
  artifactKey: Guid(c7fad027f573db547a9dbd52ddf2f2ce) Importer(815301076,1909f56bfc062723c751e8b465ee728b)
Start importing Assets/Scripts/Gameplay.cs using Guid(c7fad027f573db547a9dbd52ddf2f2ce) Importer(815301076,1909f56bfc062723c751e8b465ee728b)  -> (artifact id: 'dd0dc990c1c5f262730695b33a89ec03') in 0.002142 seconds
  Import took 0.005303 seconds .

========================================================================
Received Prepare
Registering precompiled user dll's ...
Registered in 0.001000 seconds.
Begin MonoManager ReloadAssembly
Native extension for WindowsStandalone target not found
Refreshing native plugins compatible for Editor in 0.33 ms, found 0 plugins.
Preloading 0 native plugins for Editor in 0.00 ms.
Invoked RoslynAnalysisRunner static constructor.
RoslynAnalysisRunner will not be running.
RoslynAnalysisRunner has terminated.
Mono: successfully reloaded assembly
- Completed reload, in  1.170 seconds
Platform modules already initialized, skipping
Refreshing native plugins compatible for Editor in 0.30 ms, found 0 plugins.
Preloading 0 native plugins for Editor in 0.00 ms.
Unloading 1089 Unused Serialized files (Serialized files now loaded: 0)
System memory in use before: 59.8 MB.
System memory in use after: 59.9 MB.

Unloading 4 unused Assets to reduce memory usage. Loaded Objects now: 1584.
Total: 2.876500 ms (FindLiveObjects: 0.167400 ms CreateObjectMapping: 0.059500 ms MarkObjects: 2.628300 ms  DeleteObjects: 0.019600 ms)

========================================================================
Received Prepare
Registering precompiled user dll's ...
Registered in 0.001301 seconds.
Begin MonoManager ReloadAssembly
Native extension for WindowsStandalone target not found
Refreshing native plugins compatible for Editor in 0.33 ms, found 0 plugins.
Preloading 0 native plugins for Editor in 0.00 ms.
Invoked RoslynAnalysisRunner static constructor.
RoslynAnalysisRunner will not be running.
RoslynAnalysisRunner has terminated.
Mono: successfully reloaded assembly
- Completed reload, in  1.368 seconds
Platform modules already initialized, skipping
Refreshing native plugins compatible for Editor in 0.30 ms, found 0 plugins.
Preloading 0 native plugins for Editor in 0.00 ms.
Unloading 1089 Unused Serialized files (Serialized files now loaded: 0)
System memory in use before: 59.9 MB.
System memory in use after: 60.0 MB.

Unloading 4 unused Assets to reduce memory usage. Loaded Objects now: 1586.
Total: 2.269100 ms (FindLiveObjects: 0.155100 ms CreateObjectMapping: 0.058900 ms MarkObjects: 2.036500 ms  DeleteObjects: 0.016700 ms)

AssetImportWorkerClient::OnTransportError - code=2 error=End of file
